<?xml version="1.0" encoding="UTF-8"?>
<Site BuildName="Linux-g++"
	BuildStamp="20231005-0231-Experimental"
	Name="fedora"
	Generator="ctest-3.27.6"
	CompilerName="/usr/bin/g++"
	CompilerVersion="13.2.1"
	OSName="Linux"
	Hostname="fedora"
	OSRelease="6.5.5-200.fc38.x86_64"
	OSVersion="#1 SMP PREEMPT_DYNAMIC Sun Sep 24 15:52:44 UTC 2023"
	OSPlatform="x86_64"
	Is64Bits="1"
	VendorString="GenuineIntel"
	VendorID="Intel Corporation"
	FamilyID="6"
	ModelID="165"
	ProcessorCacheSize="12288"
	NumberOfLogicalCPU="12"
	NumberOfPhysicalCPU="6"
	TotalVirtualMemory="7532"
	TotalPhysicalMemory="7533"
	LogicalProcessorsPerPhysical="2"
	ProcessorClockFrequency="3999.74"
	>
	<Testing>
		<StartDateTime>Oct 05 17:08 +07</StartDateTime>
		<StartTestTime>1696500510</StartTestTime>
		<TestList/>
		<EndDateTime>Oct 05 17:08 +07</EndDateTime>
		<EndTestTime>1696500510</EndTestTime>
		<ElapsedMinutes>0</ElapsedMinutes>
	</Testing>
</Site>
