<?xml version="1.0" encoding="UTF-8"?>
<Site BuildName="Linux-g++"
	BuildStamp="20230922-0237-Experimental"
	Name="fedora"
	Generator="ctest-3.27.4"
	CompilerName="/usr/bin/g++"
	CompilerVersion="13.2.1"
	OSName="Linux"
	Hostname="fedora"
	OSRelease="6.4.15-200.fc38.x86_64"
	OSVersion="#1 SMP PREEMPT_DYNAMIC Thu Sep  7 00:25:01 UTC 2023"
	OSPlatform="x86_64"
	Is64Bits="1"
	VendorString="GenuineIntel"
	VendorID="Intel Corporation"
	FamilyID="6"
	ModelID="165"
	ProcessorCacheSize="12288"
	NumberOfLogicalCPU="12"
	NumberOfPhysicalCPU="6"
	TotalVirtualMemory="7532"
	TotalPhysicalMemory="7533"
	LogicalProcessorsPerPhysical="2"
	ProcessorClockFrequency="3998.83"
	>
	<Testing>
		<StartDateTime>Sep 22 10:18 +07</StartDateTime>
		<StartTestTime>1695352684</StartTestTime>
		<TestList/>
		<EndDateTime>Sep 22 10:18 +07</EndDateTime>
		<EndTestTime>1695352684</EndTestTime>
		<ElapsedMinutes>0</ElapsedMinutes>
	</Testing>
</Site>
