<?xml version="1.0" encoding="UTF-8"?>
<Site BuildName="Linux-g++"
	BuildStamp="20230913-1634-Experimental"
	Name="fedora"
	Generator="ctest-3.27.4"
	CompilerName="/usr/bin/g++"
	CompilerVersion="13.2.1"
	OSName="Linux"
	Hostname="fedora"
	OSRelease="6.4.13-200.fc38.x86_64"
	OSVersion="#1 SMP PREEMPT_DYNAMIC Wed Aug 30 17:07:31 UTC 2023"
	OSPlatform="x86_64"
	Is64Bits="1"
	VendorString="GenuineIntel"
	VendorID="Intel Corporation"
	FamilyID="6"
	ModelID="165"
	ProcessorCacheSize="12288"
	NumberOfLogicalCPU="12"
	NumberOfPhysicalCPU="6"
	TotalVirtualMemory="7532"
	TotalPhysicalMemory="7533"
	LogicalProcessorsPerPhysical="2"
	ProcessorClockFrequency="3999.85"
	>
	<Testing>
		<StartDateTime>Sep 14 00:33 +07</StartDateTime>
		<StartTestTime>1694626387</StartTestTime>
		<TestList/>
		<EndDateTime>Sep 14 00:33 +07</EndDateTime>
		<EndTestTime>1694626387</EndTestTime>
		<ElapsedMinutes>0</ElapsedMinutes>
	</Testing>
</Site>
